Using pre-set license
Built from '2022.3/staging' branch; Version is '2022.3.7f1 (b16b3b16c7a0) revision 11627323'; Using compiler version '192829333'; Build Type 'Release'
OS: 'Windows 10  (10.0.19045) 64bit Core' Language: 'en' Physical Memory: 16085 MB
BatchMode: 1, IsHumanControllingUs: 0, StartBugReporterOnCrash: 0, Is64bit: 1, IsPro: 1

COMMAND LINE ARGUMENTS:
C:\Program Files\Unity\Hub\Editor\2022.3.7f1\Editor\Unity.exe
-adb2
-batchMode
-noUpm
-name
AssetImportWorker0
-projectPath
C:/Users/edgar/Documents/CSUMB/CSUMB 4th Year - 1st Semester/CST 426 - Advanced Game Development/CST426_Project1
-logFile
Logs/AssetImportWorker0.log
-srvPort
55896
Successfully changed project path to: C:/Users/edgar/Documents/CSUMB/CSUMB 4th Year - 1st Semester/CST 426 - Advanced Game Development/CST426_Project1
C:/Users/edgar/Documents/CSUMB/CSUMB 4th Year - 1st Semester/CST 426 - Advanced Game Development/CST426_Project1
[UnityMemory] Configuration Parameters - Can be set up in boot.config
    "memorysetup-bucket-allocator-granularity=16"
    "memorysetup-bucket-allocator-bucket-count=8"
    "memorysetup-bucket-allocator-block-size=33554432"
    "memorysetup-bucket-allocator-block-count=8"
    "memorysetup-main-allocator-block-size=16777216"
    "memorysetup-thread-allocator-block-size=16777216"
    "memorysetup-gfx-main-allocator-block-size=16777216"
    "memorysetup-gfx-thread-allocator-block-size=16777216"
    "memorysetup-cache-allocator-block-size=4194304"
    "memorysetup-typetree-allocator-block-size=2097152"
    "memorysetup-profiler-bucket-allocator-granularity=16"
    "memorysetup-profiler-bucket-allocator-bucket-count=8"
    "memorysetup-profiler-bucket-allocator-block-size=33554432"
    "memorysetup-profiler-bucket-allocator-block-count=8"
    "memorysetup-profiler-allocator-block-size=16777216"
    "memorysetup-profiler-editor-allocator-block-size=1048576"
    "memorysetup-temp-allocator-size-main=16777216"
    "memorysetup-job-temp-allocator-block-size=2097152"
    "memorysetup-job-temp-allocator-block-size-background=1048576"
    "memorysetup-job-temp-allocator-reduction-small-platforms=262144"
    "memorysetup-allocator-temp-initial-block-size-main=262144"
    "memorysetup-allocator-temp-initial-block-size-worker=262144"
    "memorysetup-temp-allocator-size-background-worker=32768"
    "memorysetup-temp-allocator-size-job-worker=262144"
    "memorysetup-temp-allocator-size-preload-manager=33554432"
    "memorysetup-temp-allocator-size-nav-mesh-worker=65536"
    "memorysetup-temp-allocator-size-audio-worker=65536"
    "memorysetup-temp-allocator-size-cloud-worker=32768"
    "memorysetup-temp-allocator-size-gi-baking-worker=262144"
    "memorysetup-temp-allocator-size-gfx=262144"
Player connection [24288] Host "[IP] 10.11.156.205 [Port] 0 [Flags] 2 [Guid] 419917017 [EditorId] 419917017 [Version] 1048832 [Id] WindowsEditor(7,MSI) [Debug] 1 [PackageName] WindowsEditor [ProjectName] Editor" joined multi-casting on [225.0.0.222:54997]...

Player connection [24288] Host "[IP] 10.11.156.205 [Port] 0 [Flags] 2 [Guid] 419917017 [EditorId] 419917017 [Version] 1048832 [Id] WindowsEditor(7,MSI) [Debug] 1 [PackageName] WindowsEditor [ProjectName] Editor" joined alternative multi-casting on [225.0.0.222:34997]...

Refreshing native plugins compatible for Editor in 7.69 ms, found 3 plugins.
Preloading 0 native plugins for Editor in 0.00 ms.
Initialize engine version: 2022.3.7f1 (b16b3b16c7a0)
[Subsystems] Discovering subsystems at path C:/Program Files/Unity/Hub/Editor/2022.3.7f1/Editor/Data/Resources/UnitySubsystems
[Subsystems] Discovering subsystems at path C:/Users/edgar/Documents/CSUMB/CSUMB 4th Year - 1st Semester/CST 426 - Advanced Game Development/CST426_Project1/Assets
GfxDevice: creating device client; threaded=0; jobified=0
Direct3D:
    Version:  Direct3D 11.0 [level 11.1]
    Renderer: NVIDIA GeForce RTX 3060 Laptop GPU (ID=0x2520)
    Vendor:   NVIDIA
    VRAM:     6009 MB
    Driver:   31.0.15.3713
Initialize mono
Mono path[0] = 'C:/Program Files/Unity/Hub/Editor/2022.3.7f1/Editor/Data/Managed'
Mono path[1] = 'C:/Program Files/Unity/Hub/Editor/2022.3.7f1/Editor/Data/MonoBleedingEdge/lib/mono/unityjit-win32'
Mono config path = 'C:/Program Files/Unity/Hub/Editor/2022.3.7f1/Editor/Data/MonoBleedingEdge/etc'
Using monoOptions --debugger-agent=transport=dt_socket,embedding=1,server=y,suspend=n,address=127.0.0.1:56292
Begin MonoManager ReloadAssembly
Registering precompiled unity dll's ...
Register platform support module: C:/Program Files/Unity/Hub/Editor/2022.3.7f1/Editor/Data/PlaybackEngines/WindowsStandaloneSupport/UnityEditor.WindowsStandalone.Extensions.dll
Registered in 0.008776 seconds.
- Loaded All Assemblies, in  0.292 seconds
Native extension for WindowsStandalone target not found
Mono: successfully reloaded assembly
- Finished resetting the current domain, in  0.209 seconds
Domain Reload Profiling: 499ms
	BeginReloadAssembly (92ms)
		ExecutionOrderSort (0ms)
		DisableScriptedObjects (0ms)
		BackupInstance (0ms)
		ReleaseScriptingObjects (0ms)
		CreateAndSetChildDomain (1ms)
	RebuildCommonClasses (27ms)
	RebuildNativeTypeToScriptingClass (9ms)
	initialDomainReloadingComplete (52ms)
	LoadAllAssembliesAndSetupDomain (110ms)
		LoadAssemblies (90ms)
		RebuildTransferFunctionScriptingTraits (0ms)
		AnalyzeDomain (108ms)
			TypeCache.Refresh (107ms)
				TypeCache.ScanAssembly (96ms)
			ScanForSourceGeneratedMonoScriptInfo (0ms)
			ResolveRequiredComponents (0ms)
	FinalizeReload (209ms)
		ReleaseScriptCaches (0ms)
		RebuildScriptCaches (0ms)
		SetupLoadedEditorAssemblies (160ms)
			LogAssemblyErrors (0ms)
			InitializePlatformSupportModulesInManaged (9ms)
			SetLoadedEditorAssemblies (6ms)
			RefreshPlugins (0ms)
			BeforeProcessingInitializeOnLoad (2ms)
			ProcessInitializeOnLoadAttributes (102ms)
			ProcessInitializeOnLoadMethodAttributes (41ms)
			AfterProcessingInitializeOnLoad (0ms)
			EditorAssembliesLoaded (0ms)
		ExecutionOrderSort2 (0ms)
		AwakeInstancesAfterBackupRestoration (0ms)
========================================================================
Worker process is ready to serve import requests
Begin MonoManager ReloadAssembly
- Loaded All Assemblies, in  0.557 seconds
Refreshing native plugins compatible for Editor in 3.03 ms, found 3 plugins.
Native extension for WindowsStandalone target not found
Package Manager log level set to [2]
[Package Manager] Server::EnsureServerProcessIsRunning -- launch failed, reason: Unity was launched with the -noUpm command-line argument
[Package Manager] UpmClient::Send -- Unable to send message (not connected to UPM process).
[Package Manager] Cannot connect to Unity Package Manager local server
Mono: successfully reloaded assembly
- Finished resetting the current domain, in  0.450 seconds
Domain Reload Profiling: 1005ms
	BeginReloadAssembly (129ms)
		ExecutionOrderSort (0ms)
		DisableScriptedObjects (4ms)
		BackupInstance (0ms)
		ReleaseScriptingObjects (0ms)
		CreateAndSetChildDomain (21ms)
	RebuildCommonClasses (27ms)
	RebuildNativeTypeToScriptingClass (12ms)
	initialDomainReloadingComplete (37ms)
	LoadAllAssembliesAndSetupDomain (349ms)
		LoadAssemblies (269ms)
		RebuildTransferFunctionScriptingTraits (0ms)
		AnalyzeDomain (154ms)
			TypeCache.Refresh (132ms)
				TypeCache.ScanAssembly (119ms)
			ScanForSourceGeneratedMonoScriptInfo (17ms)
			ResolveRequiredComponents (4ms)
	FinalizeReload (451ms)
		ReleaseScriptCaches (0ms)
		RebuildScriptCaches (0ms)
		SetupLoadedEditorAssemblies (323ms)
			LogAssemblyErrors (0ms)
			InitializePlatformSupportModulesInManaged (7ms)
			SetLoadedEditorAssemblies (3ms)
			RefreshPlugins (0ms)
			BeforeProcessingInitializeOnLoad (49ms)
			ProcessInitializeOnLoadAttributes (240ms)
			ProcessInitializeOnLoadMethodAttributes (15ms)
			AfterProcessingInitializeOnLoad (9ms)
			EditorAssembliesLoaded (0ms)
		ExecutionOrderSort2 (0ms)
		AwakeInstancesAfterBackupRestoration (5ms)
Launched and connected shader compiler UnityShaderCompiler.exe after 0.04 seconds
Refreshing native plugins compatible for Editor in 3.40 ms, found 3 plugins.
Preloading 0 native plugins for Editor in 0.00 ms.
Unloading 3072 Unused Serialized files (Serialized files now loaded: 0)
Unloading 31 unused Assets / (56.4 KB). Loaded Objects now: 3534.
Memory consumption went from 114.2 MB to 114.1 MB.
Total: 2.545500 ms (FindLiveObjects: 0.259000 ms CreateObjectMapping: 0.104800 ms MarkObjects: 2.087200 ms  DeleteObjects: 0.093500 ms)

AssetImportParameters requested are different than current active one (requested -> active):
  custom:container-demuxer-ogg: 62fdf1f143b41e24485cea50d1cbac27 -> 
  custom:video-decoder-ogg-theora: a1e56fd34408186e4bbccfd4996cb3dc -> 
  custom:framework-win-MediaFoundation: 216162199b28c13a410421893ffa2e32 -> 
  custom:CustomObjectIndexerAttribute: 756ad292c208cfabdd7b50bc23989ffe -> 
  custom:container-demuxer-webm: 4f35f7cbe854078d1ac9338744f61a02 -> 
  custom:container-muxer-webm: aa71ff27fc2769a1b78a27578f13a17b -> 
  custom:video-decoder-webm-vp8: 9c59270c3fd7afecdb556c50c9e8de78 -> 
  custom:SearchIndexIgnoredProperties: e643bd26f0fe6173181afceb89e7c659 -> 
  custom:AudioImporter_EditorPlatform: d09bf68614088b80899f8185d706f6e7 -> 
  custom:video-encoder-webm-vp8: eb34c28f22e8b96e1ab97ce403110664 -> 
  custom:audio-decoder-ogg-vorbis: bf7c407c2cedff20999df2af8eb42d56 -> 
  custom:audio-encoder-webm-vorbis: bf7c407c2cedff20999df2af8eb42d56 -> 
========================================================================
Received Import Request.
  Time since last request: 3818.842947 seconds.
  path: Assets/CST426_Project1/Assets/StudioBillion/House Interior/Prefabs
  artifactKey: Guid(9163969a127c0d547a53712203a9324c) Importer(815301076,1909f56bfc062723c751e8b465ee728b)
Start importing Assets/CST426_Project1/Assets/StudioBillion/House Interior/Prefabs using Guid(9163969a127c0d547a53712203a9324c) Importer(815301076,1909f56bfc062723c751e8b465ee728b)  -> (artifact id: 'e1decd0ca6decc3147a7aaac308ee532') in 0.002925 seconds
Number of updated asset objects reloaded before import = 0
Number of asset objects unloaded after import = 0
========================================================================
Received Import Request.
  Time since last request: 0.524545 seconds.
  path: Assets/CST426_Project1/Assets/StudioBillion/House Interior/Prefabs/Arcade.prefab
  artifactKey: Guid(4630fe0c01c3de947bfc69728931d785) Importer(815301076,1909f56bfc062723c751e8b465ee728b)
Start importing Assets/CST426_Project1/Assets/StudioBillion/House Interior/Prefabs/Arcade.prefab using Guid(4630fe0c01c3de947bfc69728931d785) Importer(815301076,1909f56bfc062723c751e8b465ee728b)  -> (artifact id: '45b205019ad36161ee89e4575304ab16') in 0.020584 seconds
Number of updated asset objects reloaded before import = 0
Number of asset objects unloaded after import = 6
========================================================================
Received Import Request.
  Time since last request: 0.002433 seconds.
  path: Assets/CST426_Project1/Assets/StudioBillion/House Interior/Prefabs/Armchair2.prefab
  artifactKey: Guid(8dea79d054dcde6428c707f432017210) Importer(815301076,1909f56bfc062723c751e8b465ee728b)
Start importing Assets/CST426_Project1/Assets/StudioBillion/House Interior/Prefabs/Armchair2.prefab using Guid(8dea79d054dcde6428c707f432017210) Importer(815301076,1909f56bfc062723c751e8b465ee728b)  -> (artifact id: '9f8bb0671b066eac7c3d220a351bb994') in 0.002824 seconds
Number of updated asset objects reloaded before import = 0
Number of asset objects unloaded after import = 6
========================================================================
Received Import Request.
  Time since last request: 0.000017 seconds.
  path: Assets/CST426_Project1/Assets/StudioBillion/House Interior/Prefabs/Basket.prefab
  artifactKey: Guid(988236753c801c247a87edf3ee11a008) Importer(815301076,1909f56bfc062723c751e8b465ee728b)
Start importing Assets/CST426_Project1/Assets/StudioBillion/House Interior/Prefabs/Basket.prefab using Guid(988236753c801c247a87edf3ee11a008) Importer(815301076,1909f56bfc062723c751e8b465ee728b)  -> (artifact id: 'c1c4c869e72384e1d211f6371aa06eac') in 0.002378 seconds
Number of updated asset objects reloaded before import = 0
Number of asset objects unloaded after import = 6
========================================================================
Received Import Request.
  Time since last request: 0.000990 seconds.
  path: Assets/CST426_Project1/Assets/StudioBillion/House Interior/Prefabs/Bath Carpet.prefab
  artifactKey: Guid(4a89f35773f046e4a872de7e6ca0b3cb) Importer(815301076,1909f56bfc062723c751e8b465ee728b)
Start importing Assets/CST426_Project1/Assets/StudioBillion/House Interior/Prefabs/Bath Carpet.prefab using Guid(4a89f35773f046e4a872de7e6ca0b3cb) Importer(815301076,1909f56bfc062723c751e8b465ee728b)  -> (artifact id: '850e31ceba37db209d98b3eeca19e0bb') in 0.001983 seconds
Number of updated asset objects reloaded before import = 0
Number of asset objects unloaded after import = 6
========================================================================
Received Import Request.
  Time since last request: 0.003278 seconds.
  path: Assets/CST426_Project1/Assets/StudioBillion/House Interior/Prefabs/Bed.prefab
  artifactKey: Guid(84e024e86780b4a4ea8649a0aeda8ec3) Importer(815301076,1909f56bfc062723c751e8b465ee728b)
Start importing Assets/CST426_Project1/Assets/StudioBillion/House Interior/Prefabs/Bed.prefab using Guid(84e024e86780b4a4ea8649a0aeda8ec3) Importer(815301076,1909f56bfc062723c751e8b465ee728b)  -> (artifact id: '12bd12411e2f7bd0c40de869059e1cd2') in 0.002934 seconds
Number of updated asset objects reloaded before import = 0
Number of asset objects unloaded after import = 30
========================================================================
Received Import Request.
  Time since last request: 0.001313 seconds.
  path: Assets/CST426_Project1/Assets/StudioBillion/House Interior/Prefabs/Books.prefab
  artifactKey: Guid(32c3a0edbdb7ec641b04f7c5246a54f7) Importer(815301076,1909f56bfc062723c751e8b465ee728b)
Start importing Assets/CST426_Project1/Assets/StudioBillion/House Interior/Prefabs/Books.prefab using Guid(32c3a0edbdb7ec641b04f7c5246a54f7) Importer(815301076,1909f56bfc062723c751e8b465ee728b)  -> (artifact id: '6a1d4b5ad863d79e835982e1b6bb19e2') in 0.001617 seconds
Number of updated asset objects reloaded before import = 0
Number of asset objects unloaded after import = 6
========================================================================
Received Import Request.
  Time since last request: 0.002694 seconds.
  path: Assets/CST426_Project1/Assets/StudioBillion/House Interior/Prefabs/Boxes.prefab
  artifactKey: Guid(548cda51d09602a49840e22c0031f60e) Importer(815301076,1909f56bfc062723c751e8b465ee728b)
Start importing Assets/CST426_Project1/Assets/StudioBillion/House Interior/Prefabs/Boxes.prefab using Guid(548cda51d09602a49840e22c0031f60e) Importer(815301076,1909f56bfc062723c751e8b465ee728b)  -> (artifact id: '0c2237e571ace53756d62b656b016ce2') in 0.001961 seconds
Number of updated asset objects reloaded before import = 0
Number of asset objects unloaded after import = 16
========================================================================
Received Import Request.
  Time since last request: 0.001871 seconds.
  path: Assets/CST426_Project1/Assets/StudioBillion/House Interior/Prefabs/Carpet 002.prefab
  artifactKey: Guid(8b02939e56be005448cfe11d94a7c853) Importer(815301076,1909f56bfc062723c751e8b465ee728b)
Start importing Assets/CST426_Project1/Assets/StudioBillion/House Interior/Prefabs/Carpet 002.prefab using Guid(8b02939e56be005448cfe11d94a7c853) Importer(815301076,1909f56bfc062723c751e8b465ee728b)  -> (artifact id: '30d9ac9230f237f83335aec5696d4700') in 0.001718 seconds
Number of updated asset objects reloaded before import = 0
Number of asset objects unloaded after import = 6
========================================================================
Received Import Request.
  Time since last request: 0.003731 seconds.
  path: Assets/CST426_Project1/Assets/StudioBillion/House Interior/Prefabs/Carpet1.prefab
  artifactKey: Guid(ece59a39559443e42a16db6ca16e8d00) Importer(815301076,1909f56bfc062723c751e8b465ee728b)
Start importing Assets/CST426_Project1/Assets/StudioBillion/House Interior/Prefabs/Carpet1.prefab using Guid(ece59a39559443e42a16db6ca16e8d00) Importer(815301076,1909f56bfc062723c751e8b465ee728b)  -> (artifact id: '24f73d509fd5c8f174580d72b03d620c') in 0.002104 seconds
Number of updated asset objects reloaded before import = 0
Number of asset objects unloaded after import = 6
========================================================================
Received Import Request.
  Time since last request: 0.002400 seconds.
  path: Assets/CST426_Project1/Assets/StudioBillion/House Interior/Prefabs/Carpet2.prefab
  artifactKey: Guid(c4c3e255a7163e74cae5b45367e321c9) Importer(815301076,1909f56bfc062723c751e8b465ee728b)
Start importing Assets/CST426_Project1/Assets/StudioBillion/House Interior/Prefabs/Carpet2.prefab using Guid(c4c3e255a7163e74cae5b45367e321c9) Importer(815301076,1909f56bfc062723c751e8b465ee728b)  -> (artifact id: 'f5cec5a7648942320eccaa88d158a753') in 0.001618 seconds
Number of updated asset objects reloaded before import = 0
Number of asset objects unloaded after import = 6
========================================================================
Received Import Request.
  Time since last request: 0.002431 seconds.
  path: Assets/CST426_Project1/Assets/StudioBillion/House Interior/Prefabs/Chairs.prefab
  artifactKey: Guid(3d48fc158fe79824794532e5ac97fbd5) Importer(815301076,1909f56bfc062723c751e8b465ee728b)
Start importing Assets/CST426_Project1/Assets/StudioBillion/House Interior/Prefabs/Chairs.prefab using Guid(3d48fc158fe79824794532e5ac97fbd5) Importer(815301076,1909f56bfc062723c751e8b465ee728b)  -> (artifact id: 'fd4607fe6e1a21c875ddf72f990163d2') in 0.002168 seconds
Number of updated asset objects reloaded before import = 0
Number of asset objects unloaded after import = 20
========================================================================
Received Import Request.
  Time since last request: 0.002101 seconds.
  path: Assets/CST426_Project1/Assets/StudioBillion/House Interior/Prefabs/Chess.prefab
  artifactKey: Guid(c82802b87dc2180418fe1427f0c7f2df) Importer(815301076,1909f56bfc062723c751e8b465ee728b)
Start importing Assets/CST426_Project1/Assets/StudioBillion/House Interior/Prefabs/Chess.prefab using Guid(c82802b87dc2180418fe1427f0c7f2df) Importer(815301076,1909f56bfc062723c751e8b465ee728b)  -> (artifact id: 'ba86e0d95d5ee4f6f5bfe469958c5037') in 0.001775 seconds
Number of updated asset objects reloaded before import = 0
Number of asset objects unloaded after import = 12
========================================================================
Received Import Request.
  Time since last request: 0.001763 seconds.
  path: Assets/CST426_Project1/Assets/StudioBillion/House Interior/Prefabs/Closet.prefab
  artifactKey: Guid(7259c3467da786c48a11363a07e0c519) Importer(815301076,1909f56bfc062723c751e8b465ee728b)
Start importing Assets/CST426_Project1/Assets/StudioBillion/House Interior/Prefabs/Closet.prefab using Guid(7259c3467da786c48a11363a07e0c519) Importer(815301076,1909f56bfc062723c751e8b465ee728b)  -> (artifact id: '91572801903bc0418b0e94a5ff28148f') in 0.001573 seconds
Number of updated asset objects reloaded before import = 0
Number of asset objects unloaded after import = 6
========================================================================
Received Import Request.
  Time since last request: 0.001878 seconds.
  path: Assets/CST426_Project1/Assets/StudioBillion/House Interior/Prefabs/Coffee Table.prefab
  artifactKey: Guid(98194daa6d74ef949b9f72ca61a1d8cb) Importer(815301076,1909f56bfc062723c751e8b465ee728b)
Start importing Assets/CST426_Project1/Assets/StudioBillion/House Interior/Prefabs/Coffee Table.prefab using Guid(98194daa6d74ef949b9f72ca61a1d8cb) Importer(815301076,1909f56bfc062723c751e8b465ee728b)  -> (artifact id: '3ba31b49d24af4d2da15572f330fec80') in 0.001859 seconds
Number of updated asset objects reloaded before import = 0
Number of asset objects unloaded after import = 6
========================================================================
Received Import Request.
  Time since last request: 17.919157 seconds.
  path: Assets/CST426_Project1/Assets/StudioBillion/House Interior/Materials/BLU.1.mat
  artifactKey: Guid(58431d92c40363947811c0ae5ce414a1) Importer(815301076,1909f56bfc062723c751e8b465ee728b)
Start importing Assets/CST426_Project1/Assets/StudioBillion/House Interior/Materials/BLU.1.mat using Guid(58431d92c40363947811c0ae5ce414a1) Importer(815301076,1909f56bfc062723c751e8b465ee728b)  -> (artifact id: 'b4e22752ab0b859b6e3edc6360c5265b') in 0.203069 seconds
Number of updated asset objects reloaded before import = 0
Number of asset objects unloaded after import = 1
========================================================================
Received Import Request.
  Time since last request: 0.000026 seconds.
  path: Assets/CST426_Project1/Assets/StudioBillion/House Interior/Materials/box_orange.mat
  artifactKey: Guid(bb1735df388892145bab255be5bc389d) Importer(815301076,1909f56bfc062723c751e8b465ee728b)
Start importing Assets/CST426_Project1/Assets/StudioBillion/House Interior/Materials/box_orange.mat using Guid(bb1735df388892145bab255be5bc389d) Importer(815301076,1909f56bfc062723c751e8b465ee728b)  -> (artifact id: 'a0968ce087c266dbf3e553311ad8a105') in 0.017046 seconds
Number of updated asset objects reloaded before import = 0
Number of asset objects unloaded after import = 1
========================================================================
Received Import Request.
  Time since last request: 0.000024 seconds.
  path: Assets/CST426_Project1/Assets/StudioBillion/House Interior/Materials/box_brown.mat
  artifactKey: Guid(71898d826ca630148a1a4369402b9a3f) Importer(815301076,1909f56bfc062723c751e8b465ee728b)
Start importing Assets/CST426_Project1/Assets/StudioBillion/House Interior/Materials/box_brown.mat using Guid(71898d826ca630148a1a4369402b9a3f) Importer(815301076,1909f56bfc062723c751e8b465ee728b)  -> (artifact id: 'c77e35175074e61a2a400a3f31bd9dcd') in 0.028982 seconds
Number of updated asset objects reloaded before import = 0
Number of asset objects unloaded after import = 1
========================================================================
Received Import Request.
  Time since last request: 0.000020 seconds.
  path: Assets/CST426_Project1/Assets/StudioBillion/House Interior/Materials/BRW.3.mat
  artifactKey: Guid(9b32103e027ff5f4d82d295046f7f8c9) Importer(815301076,1909f56bfc062723c751e8b465ee728b)
Start importing Assets/CST426_Project1/Assets/StudioBillion/House Interior/Materials/BRW.3.mat using Guid(9b32103e027ff5f4d82d295046f7f8c9) Importer(815301076,1909f56bfc062723c751e8b465ee728b)  -> (artifact id: 'a92d7662ba25b8ab74f2ff6f3641c836') in 0.014661 seconds
Number of updated asset objects reloaded before import = 0
Number of asset objects unloaded after import = 1
========================================================================
Received Import Request.
  Time since last request: 0.000016 seconds.
  path: Assets/CST426_Project1/Assets/StudioBillion/House Interior/Materials/BRW.6.mat
  artifactKey: Guid(3f006440e67bba1479f6e77bb8d3cc74) Importer(815301076,1909f56bfc062723c751e8b465ee728b)
Start importing Assets/CST426_Project1/Assets/StudioBillion/House Interior/Materials/BRW.6.mat using Guid(3f006440e67bba1479f6e77bb8d3cc74) Importer(815301076,1909f56bfc062723c751e8b465ee728b)  -> (artifact id: '357508cb8ca7f10013a071ac2be09fd2') in 0.023699 seconds
Number of updated asset objects reloaded before import = 0
Number of asset objects unloaded after import = 1
========================================================================
Received Import Request.
  Time since last request: 0.000015 seconds.
  path: Assets/CST426_Project1/Assets/StudioBillion/House Interior/Materials/BRW.2.mat
  artifactKey: Guid(142b49dc1e2ed6345880ea35e2a41f56) Importer(815301076,1909f56bfc062723c751e8b465ee728b)
Start importing Assets/CST426_Project1/Assets/StudioBillion/House Interior/Materials/BRW.2.mat using Guid(142b49dc1e2ed6345880ea35e2a41f56) Importer(815301076,1909f56bfc062723c751e8b465ee728b)  -> (artifact id: '5de1070f678e341788087e2f88c9787f') in 0.012362 seconds
Number of updated asset objects reloaded before import = 0
Number of asset objects unloaded after import = 1
========================================================================
Received Import Request.
  Time since last request: 0.000024 seconds.
  path: Assets/CST426_Project1/Assets/StudioBillion/House Interior/Materials/BRW.011.mat
  artifactKey: Guid(47c730a935bf53e4f8d0cbc2074ac666) Importer(815301076,1909f56bfc062723c751e8b465ee728b)
Start importing Assets/CST426_Project1/Assets/StudioBillion/House Interior/Materials/BRW.011.mat using Guid(47c730a935bf53e4f8d0cbc2074ac666) Importer(815301076,1909f56bfc062723c751e8b465ee728b)  -> (artifact id: 'fef8c6dd2312963ca9fe75afd3919ef0') in 0.021243 seconds
Number of updated asset objects reloaded before import = 0
Number of asset objects unloaded after import = 1
========================================================================
Received Import Request.
  Time since last request: 21.382791 seconds.
  path: Assets/CST426_Project1/Assets/StudioBillion/House Interior/Prefabs/Kitchen.prefab
  artifactKey: Guid(3c656bb056874b047a3db515631288ea) Importer(815301076,1909f56bfc062723c751e8b465ee728b)
Start importing Assets/CST426_Project1/Assets/StudioBillion/House Interior/Prefabs/Kitchen.prefab using Guid(3c656bb056874b047a3db515631288ea) Importer(815301076,1909f56bfc062723c751e8b465ee728b)  -> (artifact id: 'be70e8f6196b26a7f766460b4e5c6c57') in 0.002676 seconds
Number of updated asset objects reloaded before import = 0
Number of asset objects unloaded after import = 6
========================================================================
Received Prepare
Begin MonoManager ReloadAssembly
- Loaded All Assemblies, in  0.382 seconds
Refreshing native plugins compatible for Editor in 3.06 ms, found 3 plugins.
Native extension for WindowsStandalone target not found
[Package Manager] Server::EnsureServerProcessIsRunning -- launch failed, reason: Unity was launched with the -noUpm command-line argument
[Package Manager] UpmClient::Send -- Unable to send message (not connected to UPM process).
[Package Manager] Cannot connect to Unity Package Manager local server
Mono: successfully reloaded assembly
- Finished resetting the current domain, in  0.776 seconds
Domain Reload Profiling: 1155ms
	BeginReloadAssembly (134ms)
		ExecutionOrderSort (0ms)
		DisableScriptedObjects (3ms)
		BackupInstance (0ms)
		ReleaseScriptingObjects (0ms)
		CreateAndSetChildDomain (31ms)
	RebuildCommonClasses (26ms)
	RebuildNativeTypeToScriptingClass (9ms)
	initialDomainReloadingComplete (26ms)
	LoadAllAssembliesAndSetupDomain (184ms)
		LoadAssemblies (243ms)
		RebuildTransferFunctionScriptingTraits (0ms)
		AnalyzeDomain (11ms)
			TypeCache.Refresh (6ms)
				TypeCache.ScanAssembly (0ms)
			ScanForSourceGeneratedMonoScriptInfo (0ms)
			ResolveRequiredComponents (4ms)
	FinalizeReload (777ms)
		ReleaseScriptCaches (0ms)
		RebuildScriptCaches (0ms)
		SetupLoadedEditorAssemblies (316ms)
			LogAssemblyErrors (0ms)
			InitializePlatformSupportModulesInManaged (6ms)
			SetLoadedEditorAssemblies (3ms)
			RefreshPlugins (0ms)
			BeforeProcessingInitializeOnLoad (54ms)
			ProcessInitializeOnLoadAttributes (229ms)
			ProcessInitializeOnLoadMethodAttributes (15ms)
			AfterProcessingInitializeOnLoad (9ms)
			EditorAssembliesLoaded (0ms)
		ExecutionOrderSort2 (0ms)
		AwakeInstancesAfterBackupRestoration (6ms)
Refreshing native plugins compatible for Editor in 2.96 ms, found 3 plugins.
Preloading 0 native plugins for Editor in 0.00 ms.
Unloading 3064 Unused Serialized files (Serialized files now loaded: 0)
Unloading 22 unused Assets / (30.5 KB). Loaded Objects now: 3579.
Memory consumption went from 118.0 MB to 117.9 MB.
Total: 2.574000 ms (FindLiveObjects: 0.256800 ms CreateObjectMapping: 0.090800 ms MarkObjects: 2.180900 ms  DeleteObjects: 0.044600 ms)

Prepare: number of updated asset objects reloaded= 0
AssetImportParameters requested are different than current active one (requested -> active):
  custom:container-demuxer-ogg: 62fdf1f143b41e24485cea50d1cbac27 -> 
  custom:video-decoder-ogg-theora: a1e56fd34408186e4bbccfd4996cb3dc -> 
  custom:framework-win-MediaFoundation: 216162199b28c13a410421893ffa2e32 -> 
  custom:CustomObjectIndexerAttribute: 756ad292c208cfabdd7b50bc23989ffe -> 
  custom:container-demuxer-webm: 4f35f7cbe854078d1ac9338744f61a02 -> 
  custom:container-muxer-webm: aa71ff27fc2769a1b78a27578f13a17b -> 
  custom:video-decoder-webm-vp8: 9c59270c3fd7afecdb556c50c9e8de78 -> 
  custom:SearchIndexIgnoredProperties: e643bd26f0fe6173181afceb89e7c659 -> 
  custom:AudioImporter_EditorPlatform: d09bf68614088b80899f8185d706f6e7 -> 
  custom:video-encoder-webm-vp8: eb34c28f22e8b96e1ab97ce403110664 -> 
  custom:audio-decoder-ogg-vorbis: bf7c407c2cedff20999df2af8eb42d56 -> 
  custom:audio-encoder-webm-vorbis: bf7c407c2cedff20999df2af8eb42d56 -> 
